07:56:15.625 [main] DEBUG io.netty.util.internal.logging.InternalLoggerFactory -Using Log4J2 as the default logging framework
07:56:15.647 [main] DEBUG io.netty.util.ResourceLeakDetector --Dio.netty.leakDetection.level: simple
07:56:15.648 [main] DEBUG io.netty.util.ResourceLeakDetector --Dio.netty.leakDetection.targetRecords: 4
07:56:15.655 [main] DEBUG io.netty.util.ResourceLeakDetectorFactory -Loaded default ResourceLeakDetector: io.netty.util.ResourceLeakDetector@5710768a
07:56:15.678 [main] DEBUG io.netty.util.internal.PlatformDependent0 --Dio.netty.noUnsafe: false
07:56:15.678 [main] DEBUG io.netty.util.internal.PlatformDependent0 -Java version: 17
07:56:15.680 [main] DEBUG io.netty.util.internal.PlatformDependent0 -sun.misc.Unsafe.theUnsafe: available
07:56:15.681 [main] DEBUG io.netty.util.internal.PlatformDependent0 -sun.misc.Unsafe.copyMemory: available
07:56:15.682 [main] DEBUG io.netty.util.internal.PlatformDependent0 -sun.misc.Unsafe.storeFence: available
07:56:15.682 [main] DEBUG io.netty.util.internal.PlatformDependent0 -java.nio.Buffer.address: available
07:56:15.683 [main] DEBUG io.netty.util.internal.PlatformDependent0 -direct buffer constructor: unavailable
java.lang.UnsupportedOperationException: Reflective setAccessible(true) disabled
	at io.netty.util.internal.ReflectionUtil.trySetAccessible(ReflectionUtil.java:31) ~[netty-common-4.1.87.Final.jar:4.1.87.Final]
	at io.netty.util.internal.PlatformDependent0$5.run(PlatformDependent0.java:288) ~[netty-common-4.1.87.Final.jar:4.1.87.Final]
	at java.security.AccessController.doPrivileged(AccessController.java:318) ~[?:?]
	at io.netty.util.internal.PlatformDependent0.<clinit>(PlatformDependent0.java:282) [netty-common-4.1.87.Final.jar:4.1.87.Final]
	at io.netty.util.internal.PlatformDependent.isAndroid(PlatformDependent.java:333) [netty-common-4.1.87.Final.jar:4.1.87.Final]
	at io.netty.util.internal.PlatformDependent.<clinit>(PlatformDependent.java:88) [netty-common-4.1.87.Final.jar:4.1.87.Final]
	at io.netty.util.HashedWheelTimer.<init>(HashedWheelTimer.java:114) [netty-common-4.1.87.Final.jar:4.1.87.Final]
	at io.netty.util.HashedWheelTimer.<init>(HashedWheelTimer.java:251) [netty-common-4.1.87.Final.jar:4.1.87.Final]
	at io.netty.util.HashedWheelTimer.<init>(HashedWheelTimer.java:224) [netty-common-4.1.87.Final.jar:4.1.87.Final]
	at io.netty.util.HashedWheelTimer.<init>(HashedWheelTimer.java:203) [netty-common-4.1.87.Final.jar:4.1.87.Final]
	at org.asynchttpclient.DefaultAsyncHttpClient.newNettyTimer(DefaultAsyncHttpClient.java:111) [async-http-client-2.12.3.jar:?]
	at org.asynchttpclient.DefaultAsyncHttpClient.<init>(DefaultAsyncHttpClient.java:90) [async-http-client-2.12.3.jar:?]
	at org.asynchttpclient.Dsl.asyncHttpClient(Dsl.java:32) [async-http-client-2.12.3.jar:?]
	at org.openqa.selenium.remote.http.netty.NettyClient.createHttpClient(NettyClient.java:94) [selenium-remote-driver-4.8.1.jar:?]
	at org.openqa.selenium.remote.http.netty.NettyClient.<clinit>(NettyClient.java:47) [selenium-remote-driver-4.8.1.jar:?]
	at org.openqa.selenium.remote.http.netty.NettyClient$Factory.createClient(NettyClient.java:135) [selenium-remote-driver-4.8.1.jar:?]
	at org.openqa.selenium.remote.HttpCommandExecutor.<init>(HttpCommandExecutor.java:107) [selenium-remote-driver-4.8.1.jar:?]
	at org.openqa.selenium.remote.HttpCommandExecutor.<init>(HttpCommandExecutor.java:94) [selenium-remote-driver-4.8.1.jar:?]
	at org.openqa.selenium.remote.HttpCommandExecutor.<init>(HttpCommandExecutor.java:85) [selenium-remote-driver-4.8.1.jar:?]
	at org.openqa.selenium.remote.service.DriverCommandExecutor.<init>(DriverCommandExecutor.java:80) [selenium-remote-driver-4.8.1.jar:?]
	at org.openqa.selenium.chromium.ChromiumDriverCommandExecutor.<init>(ChromiumDriverCommandExecutor.java:35) [selenium-chromium-driver-4.8.1.jar:?]
	at org.openqa.selenium.chrome.ChromeDriver$ChromeDriverCommandExecutor.<init>(ChromeDriver.java:94) [selenium-chrome-driver-4.8.1.jar:?]
	at org.openqa.selenium.chrome.ChromeDriver.<init>(ChromeDriver.java:82) [selenium-chrome-driver-4.8.1.jar:?]
	at org.openqa.selenium.chrome.ChromeDriver.<init>(ChromeDriver.java:71) [selenium-chrome-driver-4.8.1.jar:?]
	at resources.base.browserInitialization(base.java:38) [classes/:?]
	at Automation.Homepage.initialize(Homepage.java:45) [test-classes/:?]
	at jdk.internal.reflect.NativeMethodAccessorImpl.invoke0(Native Method) ~[?:?]
	at jdk.internal.reflect.NativeMethodAccessorImpl.invoke(NativeMethodAccessorImpl.java:77) ~[?:?]
	at jdk.internal.reflect.DelegatingMethodAccessorImpl.invoke(DelegatingMethodAccessorImpl.java:43) ~[?:?]
	at java.lang.reflect.Method.invoke(Method.java:568) ~[?:?]
	at org.testng.internal.MethodInvocationHelper.invokeMethod(MethodInvocationHelper.java:133) [org.testng_7.4.0.r202105021533.jar:7.4.0]
	at org.testng.internal.MethodInvocationHelper.invokeMethodConsideringTimeout(MethodInvocationHelper.java:62) [org.testng_7.4.0.r202105021533.jar:7.4.0]
	at org.testng.internal.ConfigInvoker.invokeConfigurationMethod(ConfigInvoker.java:385) [org.testng_7.4.0.r202105021533.jar:7.4.0]
	at org.testng.internal.ConfigInvoker.invokeConfigurations(ConfigInvoker.java:321) [org.testng_7.4.0.r202105021533.jar:7.4.0]
	at org.testng.TestRunner.invokeTestConfigurations(TestRunner.java:637) [org.testng_7.4.0.r202105021533.jar:7.4.0]
	at org.testng.TestRunner.beforeRun(TestRunner.java:627) [org.testng_7.4.0.r202105021533.jar:7.4.0]
	at org.testng.TestRunner.run(TestRunner.java:589) [org.testng_7.4.0.r202105021533.jar:7.4.0]
	at org.testng.SuiteRunner.runTest(SuiteRunner.java:377) [org.testng_7.4.0.r202105021533.jar:7.4.0]
	at org.testng.SuiteRunner.runSequentially(SuiteRunner.java:371) [org.testng_7.4.0.r202105021533.jar:7.4.0]
	at org.testng.SuiteRunner.privateRun(SuiteRunner.java:332) [org.testng_7.4.0.r202105021533.jar:7.4.0]
	at org.testng.SuiteRunner.run(SuiteRunner.java:276) [org.testng_7.4.0.r202105021533.jar:7.4.0]
	at org.testng.SuiteRunnerWorker.runSuite(SuiteRunnerWorker.java:53) [org.testng_7.4.0.r202105021533.jar:7.4.0]
	at org.testng.SuiteRunnerWorker.run(SuiteRunnerWorker.java:96) [org.testng_7.4.0.r202105021533.jar:7.4.0]
	at org.testng.TestNG.runSuitesSequentially(TestNG.java:1212) [org.testng_7.4.0.r202105021533.jar:7.4.0]
	at org.testng.TestNG.runSuitesLocally(TestNG.java:1134) [org.testng_7.4.0.r202105021533.jar:7.4.0]
	at org.testng.TestNG.runSuites(TestNG.java:1063) [org.testng_7.4.0.r202105021533.jar:7.4.0]
	at org.testng.TestNG.run(TestNG.java:1031) [org.testng_7.4.0.r202105021533.jar:7.4.0]
	at org.testng.remote.AbstractRemoteTestNG.run(AbstractRemoteTestNG.java:115) [testng-remote.jar:?]
	at org.testng.remote.RemoteTestNG.initAndRun(RemoteTestNG.java:251) [testng-remote.jar:?]
	at org.testng.remote.RemoteTestNG.main(RemoteTestNG.java:77) [testng-remote.jar:?]
07:56:15.699 [main] DEBUG io.netty.util.internal.PlatformDependent0 -java.nio.Bits.unaligned: available, true
07:56:15.701 [main] DEBUG io.netty.util.internal.PlatformDependent0 -jdk.internal.misc.Unsafe.allocateUninitializedArray(int): unavailable
java.lang.IllegalAccessException: class io.netty.util.internal.PlatformDependent0$7 cannot access class jdk.internal.misc.Unsafe (in module java.base) because module java.base does not export jdk.internal.misc to unnamed module @2096442d
	at jdk.internal.reflect.Reflection.newIllegalAccessException(Reflection.java:392) ~[?:?]
	at java.lang.reflect.AccessibleObject.checkAccess(AccessibleObject.java:674) ~[?:?]
	at java.lang.reflect.Method.invoke(Method.java:560) ~[?:?]
	at io.netty.util.internal.PlatformDependent0$7.run(PlatformDependent0.java:410) ~[netty-common-4.1.87.Final.jar:4.1.87.Final]
	at java.security.AccessController.doPrivileged(AccessController.java:318) ~[?:?]
	at io.netty.util.internal.PlatformDependent0.<clinit>(PlatformDependent0.java:401) [netty-common-4.1.87.Final.jar:4.1.87.Final]
	at io.netty.util.internal.PlatformDependent.isAndroid(PlatformDependent.java:333) [netty-common-4.1.87.Final.jar:4.1.87.Final]
	at io.netty.util.internal.PlatformDependent.<clinit>(PlatformDependent.java:88) [netty-common-4.1.87.Final.jar:4.1.87.Final]
	at io.netty.util.HashedWheelTimer.<init>(HashedWheelTimer.java:114) [netty-common-4.1.87.Final.jar:4.1.87.Final]
	at io.netty.util.HashedWheelTimer.<init>(HashedWheelTimer.java:251) [netty-common-4.1.87.Final.jar:4.1.87.Final]
	at io.netty.util.HashedWheelTimer.<init>(HashedWheelTimer.java:224) [netty-common-4.1.87.Final.jar:4.1.87.Final]
	at io.netty.util.HashedWheelTimer.<init>(HashedWheelTimer.java:203) [netty-common-4.1.87.Final.jar:4.1.87.Final]
	at org.asynchttpclient.DefaultAsyncHttpClient.newNettyTimer(DefaultAsyncHttpClient.java:111) [async-http-client-2.12.3.jar:?]
	at org.asynchttpclient.DefaultAsyncHttpClient.<init>(DefaultAsyncHttpClient.java:90) [async-http-client-2.12.3.jar:?]
	at org.asynchttpclient.Dsl.asyncHttpClient(Dsl.java:32) [async-http-client-2.12.3.jar:?]
	at org.openqa.selenium.remote.http.netty.NettyClient.createHttpClient(NettyClient.java:94) [selenium-remote-driver-4.8.1.jar:?]
	at org.openqa.selenium.remote.http.netty.NettyClient.<clinit>(NettyClient.java:47) [selenium-remote-driver-4.8.1.jar:?]
	at org.openqa.selenium.remote.http.netty.NettyClient$Factory.createClient(NettyClient.java:135) [selenium-remote-driver-4.8.1.jar:?]
	at org.openqa.selenium.remote.HttpCommandExecutor.<init>(HttpCommandExecutor.java:107) [selenium-remote-driver-4.8.1.jar:?]
	at org.openqa.selenium.remote.HttpCommandExecutor.<init>(HttpCommandExecutor.java:94) [selenium-remote-driver-4.8.1.jar:?]
	at org.openqa.selenium.remote.HttpCommandExecutor.<init>(HttpCommandExecutor.java:85) [selenium-remote-driver-4.8.1.jar:?]
	at org.openqa.selenium.remote.service.DriverCommandExecutor.<init>(DriverCommandExecutor.java:80) [selenium-remote-driver-4.8.1.jar:?]
	at org.openqa.selenium.chromium.ChromiumDriverCommandExecutor.<init>(ChromiumDriverCommandExecutor.java:35) [selenium-chromium-driver-4.8.1.jar:?]
	at org.openqa.selenium.chrome.ChromeDriver$ChromeDriverCommandExecutor.<init>(ChromeDriver.java:94) [selenium-chrome-driver-4.8.1.jar:?]
	at org.openqa.selenium.chrome.ChromeDriver.<init>(ChromeDriver.java:82) [selenium-chrome-driver-4.8.1.jar:?]
	at org.openqa.selenium.chrome.ChromeDriver.<init>(ChromeDriver.java:71) [selenium-chrome-driver-4.8.1.jar:?]
	at resources.base.browserInitialization(base.java:38) [classes/:?]
	at Automation.Homepage.initialize(Homepage.java:45) [test-classes/:?]
	at jdk.internal.reflect.NativeMethodAccessorImpl.invoke0(Native Method) ~[?:?]
	at jdk.internal.reflect.NativeMethodAccessorImpl.invoke(NativeMethodAccessorImpl.java:77) ~[?:?]
	at jdk.internal.reflect.DelegatingMethodAccessorImpl.invoke(DelegatingMethodAccessorImpl.java:43) ~[?:?]
	at java.lang.reflect.Method.invoke(Method.java:568) ~[?:?]
	at org.testng.internal.MethodInvocationHelper.invokeMethod(MethodInvocationHelper.java:133) [org.testng_7.4.0.r202105021533.jar:7.4.0]
	at org.testng.internal.MethodInvocationHelper.invokeMethodConsideringTimeout(MethodInvocationHelper.java:62) [org.testng_7.4.0.r202105021533.jar:7.4.0]
	at org.testng.internal.ConfigInvoker.invokeConfigurationMethod(ConfigInvoker.java:385) [org.testng_7.4.0.r202105021533.jar:7.4.0]
	at org.testng.internal.ConfigInvoker.invokeConfigurations(ConfigInvoker.java:321) [org.testng_7.4.0.r202105021533.jar:7.4.0]
	at org.testng.TestRunner.invokeTestConfigurations(TestRunner.java:637) [org.testng_7.4.0.r202105021533.jar:7.4.0]
	at org.testng.TestRunner.beforeRun(TestRunner.java:627) [org.testng_7.4.0.r202105021533.jar:7.4.0]
	at org.testng.TestRunner.run(TestRunner.java:589) [org.testng_7.4.0.r202105021533.jar:7.4.0]
	at org.testng.SuiteRunner.runTest(SuiteRunner.java:377) [org.testng_7.4.0.r202105021533.jar:7.4.0]
	at org.testng.SuiteRunner.runSequentially(SuiteRunner.java:371) [org.testng_7.4.0.r202105021533.jar:7.4.0]
	at org.testng.SuiteRunner.privateRun(SuiteRunner.java:332) [org.testng_7.4.0.r202105021533.jar:7.4.0]
	at org.testng.SuiteRunner.run(SuiteRunner.java:276) [org.testng_7.4.0.r202105021533.jar:7.4.0]
	at org.testng.SuiteRunnerWorker.runSuite(SuiteRunnerWorker.java:53) [org.testng_7.4.0.r202105021533.jar:7.4.0]
	at org.testng.SuiteRunnerWorker.run(SuiteRunnerWorker.java:96) [org.testng_7.4.0.r202105021533.jar:7.4.0]
	at org.testng.TestNG.runSuitesSequentially(TestNG.java:1212) [org.testng_7.4.0.r202105021533.jar:7.4.0]
	at org.testng.TestNG.runSuitesLocally(TestNG.java:1134) [org.testng_7.4.0.r202105021533.jar:7.4.0]
	at org.testng.TestNG.runSuites(TestNG.java:1063) [org.testng_7.4.0.r202105021533.jar:7.4.0]
	at org.testng.TestNG.run(TestNG.java:1031) [org.testng_7.4.0.r202105021533.jar:7.4.0]
	at org.testng.remote.AbstractRemoteTestNG.run(AbstractRemoteTestNG.java:115) [testng-remote.jar:?]
	at org.testng.remote.RemoteTestNG.initAndRun(RemoteTestNG.java:251) [testng-remote.jar:?]
	at org.testng.remote.RemoteTestNG.main(RemoteTestNG.java:77) [testng-remote.jar:?]
07:56:15.703 [main] DEBUG io.netty.util.internal.PlatformDependent0 -java.nio.DirectByteBuffer.<init>(long, int): unavailable
07:56:15.703 [main] DEBUG io.netty.util.internal.PlatformDependent -sun.misc.Unsafe: available
07:56:15.703 [main] DEBUG io.netty.util.internal.PlatformDependent -maxDirectMemory: 8468299776 bytes (maybe)
07:56:15.704 [main] DEBUG io.netty.util.internal.PlatformDependent --Dio.netty.tmpdir: C:\Users\VIGNES~1.KUM\AppData\Local\Temp\6 (java.io.tmpdir)
07:56:15.704 [main] DEBUG io.netty.util.internal.PlatformDependent --Dio.netty.bitMode: 64 (sun.arch.data.model)
07:56:15.705 [main] DEBUG io.netty.util.internal.PlatformDependent -Platform: Windows
07:56:15.705 [main] DEBUG io.netty.util.internal.PlatformDependent --Dio.netty.maxDirectMemory: -1 bytes
07:56:15.705 [main] DEBUG io.netty.util.internal.PlatformDependent --Dio.netty.uninitializedArrayAllocationThreshold: -1
07:56:15.706 [main] DEBUG io.netty.util.internal.CleanerJava9 -java.nio.ByteBuffer.cleaner(): available
07:56:15.707 [main] DEBUG io.netty.util.internal.PlatformDependent --Dio.netty.noPreferDirect: false
07:56:15.716 [main] DEBUG io.netty.util.internal.PlatformDependent -org.jctools-core.MpscChunkedArrayQueue: available
07:56:15.740 [main] DEBUG io.netty.util.internal.InternalThreadLocalMap --Dio.netty.threadLocalMap.stringBuilder.initialSize: 1024
07:56:15.740 [main] DEBUG io.netty.util.internal.InternalThreadLocalMap --Dio.netty.threadLocalMap.stringBuilder.maxSize: 4096
07:56:15.947 [main] DEBUG io.netty.handler.ssl.JdkSslContext -Default protocols (JDK): [TLSv1.3, TLSv1.2] 
07:56:15.948 [main] DEBUG io.netty.handler.ssl.JdkSslContext -Default cipher suites (JDK): [TLS_ECDHE_ECDSA_WITH_AES_256_GCM_SHA384, TLS_ECDHE_ECDSA_WITH_AES_128_GCM_SHA256, TLS_ECDHE_RSA_WITH_AES_128_GCM_SHA256, TLS_ECDHE_RSA_WITH_AES_256_GCM_SHA384, TLS_ECDHE_RSA_WITH_AES_128_CBC_SHA, TLS_ECDHE_RSA_WITH_AES_256_CBC_SHA, TLS_RSA_WITH_AES_128_GCM_SHA256, TLS_RSA_WITH_AES_128_CBC_SHA, TLS_RSA_WITH_AES_256_CBC_SHA, TLS_AES_128_GCM_SHA256, TLS_AES_256_GCM_SHA384]
07:56:15.974 [main] DEBUG io.netty.channel.MultithreadEventLoopGroup --Dio.netty.eventLoopThreads: 8
07:56:15.983 [main] DEBUG io.netty.channel.nio.NioEventLoop --Dio.netty.noKeySetOptimization: false
07:56:15.983 [main] DEBUG io.netty.channel.nio.NioEventLoop --Dio.netty.selectorAutoRebuildThreshold: 512
07:56:15.997 [main] TRACE io.netty.channel.nio.NioEventLoop -instrumented a special java.util.Set into: sun.nio.ch.WEPollSelectorImpl@1eaf1e62
07:56:15.998 [main] TRACE io.netty.channel.nio.NioEventLoop -instrumented a special java.util.Set into: sun.nio.ch.WEPollSelectorImpl@320494b6
07:56:15.999 [main] TRACE io.netty.channel.nio.NioEventLoop -instrumented a special java.util.Set into: sun.nio.ch.WEPollSelectorImpl@652ab8d9
07:56:16.000 [main] TRACE io.netty.channel.nio.NioEventLoop -instrumented a special java.util.Set into: sun.nio.ch.WEPollSelectorImpl@14fc5d40
07:56:16.000 [main] TRACE io.netty.channel.nio.NioEventLoop -instrumented a special java.util.Set into: sun.nio.ch.WEPollSelectorImpl@51e0301d
07:56:16.001 [main] TRACE io.netty.channel.nio.NioEventLoop -instrumented a special java.util.Set into: sun.nio.ch.WEPollSelectorImpl@47d7bfb3
07:56:16.002 [main] TRACE io.netty.channel.nio.NioEventLoop -instrumented a special java.util.Set into: sun.nio.ch.WEPollSelectorImpl@770b3be0
07:56:16.003 [main] TRACE io.netty.channel.nio.NioEventLoop -instrumented a special java.util.Set into: sun.nio.ch.WEPollSelectorImpl@1eb6e1c
07:56:16.027 [main] DEBUG io.netty.buffer.PooledByteBufAllocator --Dio.netty.allocator.numHeapArenas: 8
07:56:16.028 [main] DEBUG io.netty.buffer.PooledByteBufAllocator --Dio.netty.allocator.numDirectArenas: 8
07:56:16.028 [main] DEBUG io.netty.buffer.PooledByteBufAllocator --Dio.netty.allocator.pageSize: 8192
07:56:16.028 [main] DEBUG io.netty.buffer.PooledByteBufAllocator --Dio.netty.allocator.maxOrder: 9
07:56:16.028 [main] DEBUG io.netty.buffer.PooledByteBufAllocator --Dio.netty.allocator.chunkSize: 4194304
07:56:16.028 [main] DEBUG io.netty.buffer.PooledByteBufAllocator --Dio.netty.allocator.smallCacheSize: 256
07:56:16.028 [main] DEBUG io.netty.buffer.PooledByteBufAllocator --Dio.netty.allocator.normalCacheSize: 64
07:56:16.028 [main] DEBUG io.netty.buffer.PooledByteBufAllocator --Dio.netty.allocator.maxCachedBufferCapacity: 32768
07:56:16.028 [main] DEBUG io.netty.buffer.PooledByteBufAllocator --Dio.netty.allocator.cacheTrimInterval: 8192
07:56:16.028 [main] DEBUG io.netty.buffer.PooledByteBufAllocator --Dio.netty.allocator.cacheTrimIntervalMillis: 0
07:56:16.028 [main] DEBUG io.netty.buffer.PooledByteBufAllocator --Dio.netty.allocator.useCacheForAllThreads: false
07:56:16.028 [main] DEBUG io.netty.buffer.PooledByteBufAllocator --Dio.netty.allocator.maxCachedByteBuffersPerChunk: 1023
07:56:16.043 [main] DEBUG io.netty.buffer.ByteBufUtil --Dio.netty.allocator.type: pooled
07:56:16.043 [main] DEBUG io.netty.buffer.ByteBufUtil --Dio.netty.threadLocalDirectBufferSize: 0
07:56:16.043 [main] DEBUG io.netty.buffer.ByteBufUtil --Dio.netty.maxThreadLocalCharBufferSize: 16384
07:56:16.854 [Forwarding newSession on session null to remote] DEBUG io.netty.channel.DefaultChannelId --Dio.netty.processId: 10004 (auto-detected)
07:56:16.857 [Forwarding newSession on session null to remote] DEBUG io.netty.util.NetUtil --Djava.net.preferIPv4Stack: false
07:56:16.857 [Forwarding newSession on session null to remote] DEBUG io.netty.util.NetUtil --Djava.net.preferIPv6Addresses: false
07:56:16.860 [Forwarding newSession on session null to remote] DEBUG io.netty.util.NetUtilInitializations -Loopback interface: lo (Software Loopback Interface 1, 127.0.0.1)
07:56:16.861 [Forwarding newSession on session null to remote] DEBUG io.netty.util.NetUtil -Failed to get SOMAXCONN from sysctl and file \proc\sys\net\core\somaxconn. Default: 200
07:56:16.864 [Forwarding newSession on session null to remote] DEBUG io.netty.channel.DefaultChannelId --Dio.netty.machineId: 00:00:00:00:00:00:00:e0 (auto-detected)
07:56:16.909 [AsyncHttpClient-1-2] DEBUG io.netty.buffer.AbstractByteBuf --Dio.netty.buffer.checkAccessible: true
07:56:16.910 [AsyncHttpClient-1-2] DEBUG io.netty.buffer.AbstractByteBuf --Dio.netty.buffer.checkBounds: true
07:56:16.910 [AsyncHttpClient-1-2] DEBUG io.netty.util.ResourceLeakDetectorFactory -Loaded default ResourceLeakDetector: io.netty.util.ResourceLeakDetector@1d56aea0
07:56:16.930 [AsyncHttpClient-1-2] DEBUG io.netty.util.Recycler --Dio.netty.recycler.maxCapacityPerThread: 4096
07:56:16.931 [AsyncHttpClient-1-2] DEBUG io.netty.util.Recycler --Dio.netty.recycler.ratio: 8
07:56:16.931 [AsyncHttpClient-1-2] DEBUG io.netty.util.Recycler --Dio.netty.recycler.chunkSize: 32
07:56:16.931 [AsyncHttpClient-1-2] DEBUG io.netty.util.Recycler --Dio.netty.recycler.blocking: false
07:56:17.934 [AsyncHttpClient-1-2] DEBUG io.netty.handler.codec.compression.Brotli -brotli4j not in the classpath; Brotli support will be unavailable.
07:56:18.047 [main] DEBUG io.netty.util.internal.ThreadLocalRandom --Dio.netty.initialSeedUniquifier: 0x72b739dbe7b65cda
07:56:18.135 [main] INFO  resources.base -I am debugging the above line here
07:56:21.810 [main] INFO  resources.base -Clicked
07:58:05.071 [main] INFO  resources.base -I am connected
07:58:05.370 [main] DEBUG io.netty.util.internal.logging.InternalLoggerFactory -Using Log4J2 as the default logging framework
07:58:05.376 [main] DEBUG io.netty.util.ResourceLeakDetector --Dio.netty.leakDetection.level: simple
07:58:05.376 [main] DEBUG io.netty.util.ResourceLeakDetector --Dio.netty.leakDetection.targetRecords: 4
07:58:05.382 [main] DEBUG io.netty.util.ResourceLeakDetectorFactory -Loaded default ResourceLeakDetector: io.netty.util.ResourceLeakDetector@66ad7bf0
07:58:05.409 [main] DEBUG io.netty.util.internal.PlatformDependent0 --Dio.netty.noUnsafe: false
07:58:05.409 [main] DEBUG io.netty.util.internal.PlatformDependent0 -Java version: 17
07:58:05.410 [main] DEBUG io.netty.util.internal.PlatformDependent0 -sun.misc.Unsafe.theUnsafe: available
07:58:05.411 [main] DEBUG io.netty.util.internal.PlatformDependent0 -sun.misc.Unsafe.copyMemory: available
07:58:05.411 [main] DEBUG io.netty.util.internal.PlatformDependent0 -sun.misc.Unsafe.storeFence: available
07:58:05.412 [main] DEBUG io.netty.util.internal.PlatformDependent0 -java.nio.Buffer.address: available
07:58:05.412 [main] DEBUG io.netty.util.internal.PlatformDependent0 -direct buffer constructor: unavailable
java.lang.UnsupportedOperationException: Reflective setAccessible(true) disabled
	at io.netty.util.internal.ReflectionUtil.trySetAccessible(ReflectionUtil.java:31) ~[netty-common-4.1.87.Final.jar:4.1.87.Final]
	at io.netty.util.internal.PlatformDependent0$5.run(PlatformDependent0.java:288) ~[netty-common-4.1.87.Final.jar:4.1.87.Final]
	at java.security.AccessController.doPrivileged(AccessController.java:318) ~[?:?]
	at io.netty.util.internal.PlatformDependent0.<clinit>(PlatformDependent0.java:282) ~[netty-common-4.1.87.Final.jar:4.1.87.Final]
	at io.netty.util.internal.PlatformDependent.isAndroid(PlatformDependent.java:333) ~[netty-common-4.1.87.Final.jar:4.1.87.Final]
	at io.netty.util.internal.PlatformDependent.<clinit>(PlatformDependent.java:88) ~[netty-common-4.1.87.Final.jar:4.1.87.Final]
	at io.netty.util.HashedWheelTimer.<init>(HashedWheelTimer.java:114) ~[netty-common-4.1.87.Final.jar:4.1.87.Final]
	at io.netty.util.HashedWheelTimer.<init>(HashedWheelTimer.java:251) ~[netty-common-4.1.87.Final.jar:4.1.87.Final]
	at io.netty.util.HashedWheelTimer.<init>(HashedWheelTimer.java:224) ~[netty-common-4.1.87.Final.jar:4.1.87.Final]
	at io.netty.util.HashedWheelTimer.<init>(HashedWheelTimer.java:203) ~[netty-common-4.1.87.Final.jar:4.1.87.Final]
	at org.asynchttpclient.DefaultAsyncHttpClient.newNettyTimer(DefaultAsyncHttpClient.java:111) ~[async-http-client-2.12.3.jar:?]
	at org.asynchttpclient.DefaultAsyncHttpClient.<init>(DefaultAsyncHttpClient.java:90) ~[async-http-client-2.12.3.jar:?]
	at org.asynchttpclient.Dsl.asyncHttpClient(Dsl.java:32) ~[async-http-client-2.12.3.jar:?]
	at org.openqa.selenium.remote.http.netty.NettyClient.createHttpClient(NettyClient.java:94) ~[selenium-remote-driver-4.8.1.jar:?]
	at org.openqa.selenium.remote.http.netty.NettyClient.<clinit>(NettyClient.java:47) ~[selenium-remote-driver-4.8.1.jar:?]
	at org.openqa.selenium.remote.http.netty.NettyClient$Factory.createClient(NettyClient.java:135) ~[selenium-remote-driver-4.8.1.jar:?]
	at org.openqa.selenium.remote.HttpCommandExecutor.<init>(HttpCommandExecutor.java:107) ~[selenium-remote-driver-4.8.1.jar:?]
	at org.openqa.selenium.remote.HttpCommandExecutor.<init>(HttpCommandExecutor.java:94) ~[selenium-remote-driver-4.8.1.jar:?]
	at org.openqa.selenium.remote.HttpCommandExecutor.<init>(HttpCommandExecutor.java:85) ~[selenium-remote-driver-4.8.1.jar:?]
	at org.openqa.selenium.remote.service.DriverCommandExecutor.<init>(DriverCommandExecutor.java:80) ~[selenium-remote-driver-4.8.1.jar:?]
	at org.openqa.selenium.chromium.ChromiumDriverCommandExecutor.<init>(ChromiumDriverCommandExecutor.java:35) ~[selenium-chromium-driver-4.8.1.jar:?]
	at org.openqa.selenium.chrome.ChromeDriver$ChromeDriverCommandExecutor.<init>(ChromeDriver.java:94) ~[selenium-chrome-driver-4.8.1.jar:?]
	at org.openqa.selenium.chrome.ChromeDriver.<init>(ChromeDriver.java:82) ~[selenium-chrome-driver-4.8.1.jar:?]
	at org.openqa.selenium.chrome.ChromeDriver.<init>(ChromeDriver.java:71) ~[selenium-chrome-driver-4.8.1.jar:?]
	at resources.base.browserInitialization(base.java:38) ~[classes/:?]
	at Automation.SQL1.DBconnectivity(SQL1.java:45) ~[test-classes/:?]
	at jdk.internal.reflect.NativeMethodAccessorImpl.invoke0(Native Method) ~[?:?]
	at jdk.internal.reflect.NativeMethodAccessorImpl.invoke(NativeMethodAccessorImpl.java:77) ~[?:?]
	at jdk.internal.reflect.DelegatingMethodAccessorImpl.invoke(DelegatingMethodAccessorImpl.java:43) ~[?:?]
	at java.lang.reflect.Method.invoke(Method.java:568) ~[?:?]
	at org.testng.internal.MethodInvocationHelper.invokeMethod(MethodInvocationHelper.java:133) ~[org.testng_7.4.0.r202105021533.jar:7.4.0]
	at org.testng.internal.TestInvoker.invokeMethod(TestInvoker.java:598) ~[org.testng_7.4.0.r202105021533.jar:7.4.0]
	at org.testng.internal.TestInvoker.invokeTestMethod(TestInvoker.java:173) ~[org.testng_7.4.0.r202105021533.jar:7.4.0]
	at org.testng.internal.MethodRunner.runInSequence(MethodRunner.java:46) ~[org.testng_7.4.0.r202105021533.jar:7.4.0]
	at org.testng.internal.TestInvoker$MethodInvocationAgent.invoke(TestInvoker.java:824) ~[org.testng_7.4.0.r202105021533.jar:7.4.0]
	at org.testng.internal.TestInvoker.invokeTestMethods(TestInvoker.java:146) ~[org.testng_7.4.0.r202105021533.jar:7.4.0]
	at org.testng.internal.TestMethodWorker.invokeTestMethods(TestMethodWorker.java:146) ~[org.testng_7.4.0.r202105021533.jar:7.4.0]
	at org.testng.internal.TestMethodWorker.run(TestMethodWorker.java:128) ~[org.testng_7.4.0.r202105021533.jar:7.4.0]
	at java.util.ArrayList.forEach(ArrayList.java:1511) [?:?]
	at org.testng.TestRunner.privateRun(TestRunner.java:794) [org.testng_7.4.0.r202105021533.jar:7.4.0]
	at org.testng.TestRunner.run(TestRunner.java:596) [org.testng_7.4.0.r202105021533.jar:7.4.0]
	at org.testng.SuiteRunner.runTest(SuiteRunner.java:377) [org.testng_7.4.0.r202105021533.jar:7.4.0]
	at org.testng.SuiteRunner.runSequentially(SuiteRunner.java:371) [org.testng_7.4.0.r202105021533.jar:7.4.0]
	at org.testng.SuiteRunner.privateRun(SuiteRunner.java:332) [org.testng_7.4.0.r202105021533.jar:7.4.0]
	at org.testng.SuiteRunner.run(SuiteRunner.java:276) [org.testng_7.4.0.r202105021533.jar:7.4.0]
	at org.testng.SuiteRunnerWorker.runSuite(SuiteRunnerWorker.java:53) [org.testng_7.4.0.r202105021533.jar:7.4.0]
	at org.testng.SuiteRunnerWorker.run(SuiteRunnerWorker.java:96) [org.testng_7.4.0.r202105021533.jar:7.4.0]
	at org.testng.TestNG.runSuitesSequentially(TestNG.java:1212) [org.testng_7.4.0.r202105021533.jar:7.4.0]
	at org.testng.TestNG.runSuitesLocally(TestNG.java:1134) [org.testng_7.4.0.r202105021533.jar:7.4.0]
	at org.testng.TestNG.runSuites(TestNG.java:1063) [org.testng_7.4.0.r202105021533.jar:7.4.0]
	at org.testng.TestNG.run(TestNG.java:1031) [org.testng_7.4.0.r202105021533.jar:7.4.0]
	at org.testng.remote.AbstractRemoteTestNG.run(AbstractRemoteTestNG.java:115) [testng-remote.jar:?]
	at org.testng.remote.RemoteTestNG.initAndRun(RemoteTestNG.java:251) [testng-remote.jar:?]
	at org.testng.remote.RemoteTestNG.main(RemoteTestNG.java:77) [testng-remote.jar:?]
07:58:05.419 [main] DEBUG io.netty.util.internal.PlatformDependent0 -java.nio.Bits.unaligned: available, true
07:58:05.420 [main] DEBUG io.netty.util.internal.PlatformDependent0 -jdk.internal.misc.Unsafe.allocateUninitializedArray(int): unavailable
java.lang.IllegalAccessException: class io.netty.util.internal.PlatformDependent0$7 cannot access class jdk.internal.misc.Unsafe (in module java.base) because module java.base does not export jdk.internal.misc to unnamed module @2096442d
	at jdk.internal.reflect.Reflection.newIllegalAccessException(Reflection.java:392) ~[?:?]
	at java.lang.reflect.AccessibleObject.checkAccess(AccessibleObject.java:674) ~[?:?]
	at java.lang.reflect.Method.invoke(Method.java:560) ~[?:?]
	at io.netty.util.internal.PlatformDependent0$7.run(PlatformDependent0.java:410) ~[netty-common-4.1.87.Final.jar:4.1.87.Final]
	at java.security.AccessController.doPrivileged(AccessController.java:318) ~[?:?]
	at io.netty.util.internal.PlatformDependent0.<clinit>(PlatformDependent0.java:401) ~[netty-common-4.1.87.Final.jar:4.1.87.Final]
	at io.netty.util.internal.PlatformDependent.isAndroid(PlatformDependent.java:333) ~[netty-common-4.1.87.Final.jar:4.1.87.Final]
	at io.netty.util.internal.PlatformDependent.<clinit>(PlatformDependent.java:88) ~[netty-common-4.1.87.Final.jar:4.1.87.Final]
	at io.netty.util.HashedWheelTimer.<init>(HashedWheelTimer.java:114) ~[netty-common-4.1.87.Final.jar:4.1.87.Final]
	at io.netty.util.HashedWheelTimer.<init>(HashedWheelTimer.java:251) ~[netty-common-4.1.87.Final.jar:4.1.87.Final]
	at io.netty.util.HashedWheelTimer.<init>(HashedWheelTimer.java:224) ~[netty-common-4.1.87.Final.jar:4.1.87.Final]
	at io.netty.util.HashedWheelTimer.<init>(HashedWheelTimer.java:203) ~[netty-common-4.1.87.Final.jar:4.1.87.Final]
	at org.asynchttpclient.DefaultAsyncHttpClient.newNettyTimer(DefaultAsyncHttpClient.java:111) ~[async-http-client-2.12.3.jar:?]
	at org.asynchttpclient.DefaultAsyncHttpClient.<init>(DefaultAsyncHttpClient.java:90) ~[async-http-client-2.12.3.jar:?]
	at org.asynchttpclient.Dsl.asyncHttpClient(Dsl.java:32) ~[async-http-client-2.12.3.jar:?]
	at org.openqa.selenium.remote.http.netty.NettyClient.createHttpClient(NettyClient.java:94) ~[selenium-remote-driver-4.8.1.jar:?]
	at org.openqa.selenium.remote.http.netty.NettyClient.<clinit>(NettyClient.java:47) ~[selenium-remote-driver-4.8.1.jar:?]
	at org.openqa.selenium.remote.http.netty.NettyClient$Factory.createClient(NettyClient.java:135) ~[selenium-remote-driver-4.8.1.jar:?]
	at org.openqa.selenium.remote.HttpCommandExecutor.<init>(HttpCommandExecutor.java:107) ~[selenium-remote-driver-4.8.1.jar:?]
	at org.openqa.selenium.remote.HttpCommandExecutor.<init>(HttpCommandExecutor.java:94) ~[selenium-remote-driver-4.8.1.jar:?]
	at org.openqa.selenium.remote.HttpCommandExecutor.<init>(HttpCommandExecutor.java:85) ~[selenium-remote-driver-4.8.1.jar:?]
	at org.openqa.selenium.remote.service.DriverCommandExecutor.<init>(DriverCommandExecutor.java:80) ~[selenium-remote-driver-4.8.1.jar:?]
	at org.openqa.selenium.chromium.ChromiumDriverCommandExecutor.<init>(ChromiumDriverCommandExecutor.java:35) ~[selenium-chromium-driver-4.8.1.jar:?]
	at org.openqa.selenium.chrome.ChromeDriver$ChromeDriverCommandExecutor.<init>(ChromeDriver.java:94) ~[selenium-chrome-driver-4.8.1.jar:?]
	at org.openqa.selenium.chrome.ChromeDriver.<init>(ChromeDriver.java:82) ~[selenium-chrome-driver-4.8.1.jar:?]
	at org.openqa.selenium.chrome.ChromeDriver.<init>(ChromeDriver.java:71) ~[selenium-chrome-driver-4.8.1.jar:?]
	at resources.base.browserInitialization(base.java:38) ~[classes/:?]
	at Automation.SQL1.DBconnectivity(SQL1.java:45) ~[test-classes/:?]
	at jdk.internal.reflect.NativeMethodAccessorImpl.invoke0(Native Method) ~[?:?]
	at jdk.internal.reflect.NativeMethodAccessorImpl.invoke(NativeMethodAccessorImpl.java:77) ~[?:?]
	at jdk.internal.reflect.DelegatingMethodAccessorImpl.invoke(DelegatingMethodAccessorImpl.java:43) ~[?:?]
	at java.lang.reflect.Method.invoke(Method.java:568) ~[?:?]
	at org.testng.internal.MethodInvocationHelper.invokeMethod(MethodInvocationHelper.java:133) ~[org.testng_7.4.0.r202105021533.jar:7.4.0]
	at org.testng.internal.TestInvoker.invokeMethod(TestInvoker.java:598) ~[org.testng_7.4.0.r202105021533.jar:7.4.0]
	at org.testng.internal.TestInvoker.invokeTestMethod(TestInvoker.java:173) ~[org.testng_7.4.0.r202105021533.jar:7.4.0]
	at org.testng.internal.MethodRunner.runInSequence(MethodRunner.java:46) ~[org.testng_7.4.0.r202105021533.jar:7.4.0]
	at org.testng.internal.TestInvoker$MethodInvocationAgent.invoke(TestInvoker.java:824) ~[org.testng_7.4.0.r202105021533.jar:7.4.0]
	at org.testng.internal.TestInvoker.invokeTestMethods(TestInvoker.java:146) ~[org.testng_7.4.0.r202105021533.jar:7.4.0]
	at org.testng.internal.TestMethodWorker.invokeTestMethods(TestMethodWorker.java:146) ~[org.testng_7.4.0.r202105021533.jar:7.4.0]
	at org.testng.internal.TestMethodWorker.run(TestMethodWorker.java:128) ~[org.testng_7.4.0.r202105021533.jar:7.4.0]
	at java.util.ArrayList.forEach(ArrayList.java:1511) [?:?]
	at org.testng.TestRunner.privateRun(TestRunner.java:794) [org.testng_7.4.0.r202105021533.jar:7.4.0]
	at org.testng.TestRunner.run(TestRunner.java:596) [org.testng_7.4.0.r202105021533.jar:7.4.0]
	at org.testng.SuiteRunner.runTest(SuiteRunner.java:377) [org.testng_7.4.0.r202105021533.jar:7.4.0]
	at org.testng.SuiteRunner.runSequentially(SuiteRunner.java:371) [org.testng_7.4.0.r202105021533.jar:7.4.0]
	at org.testng.SuiteRunner.privateRun(SuiteRunner.java:332) [org.testng_7.4.0.r202105021533.jar:7.4.0]
	at org.testng.SuiteRunner.run(SuiteRunner.java:276) [org.testng_7.4.0.r202105021533.jar:7.4.0]
	at org.testng.SuiteRunnerWorker.runSuite(SuiteRunnerWorker.java:53) [org.testng_7.4.0.r202105021533.jar:7.4.0]
	at org.testng.SuiteRunnerWorker.run(SuiteRunnerWorker.java:96) [org.testng_7.4.0.r202105021533.jar:7.4.0]
	at org.testng.TestNG.runSuitesSequentially(TestNG.java:1212) [org.testng_7.4.0.r202105021533.jar:7.4.0]
	at org.testng.TestNG.runSuitesLocally(TestNG.java:1134) [org.testng_7.4.0.r202105021533.jar:7.4.0]
	at org.testng.TestNG.runSuites(TestNG.java:1063) [org.testng_7.4.0.r202105021533.jar:7.4.0]
	at org.testng.TestNG.run(TestNG.java:1031) [org.testng_7.4.0.r202105021533.jar:7.4.0]
	at org.testng.remote.AbstractRemoteTestNG.run(AbstractRemoteTestNG.java:115) [testng-remote.jar:?]
	at org.testng.remote.RemoteTestNG.initAndRun(RemoteTestNG.java:251) [testng-remote.jar:?]
	at org.testng.remote.RemoteTestNG.main(RemoteTestNG.java:77) [testng-remote.jar:?]
07:58:05.422 [main] DEBUG io.netty.util.internal.PlatformDependent0 -java.nio.DirectByteBuffer.<init>(long, int): unavailable
07:58:05.422 [main] DEBUG io.netty.util.internal.PlatformDependent -sun.misc.Unsafe: available
07:58:05.423 [main] DEBUG io.netty.util.internal.PlatformDependent -maxDirectMemory: 8468299776 bytes (maybe)
07:58:05.423 [main] DEBUG io.netty.util.internal.PlatformDependent --Dio.netty.tmpdir: C:\Users\VIGNES~1.KUM\AppData\Local\Temp\6 (java.io.tmpdir)
07:58:05.424 [main] DEBUG io.netty.util.internal.PlatformDependent --Dio.netty.bitMode: 64 (sun.arch.data.model)
07:58:05.424 [main] DEBUG io.netty.util.internal.PlatformDependent -Platform: Windows
07:58:05.425 [main] DEBUG io.netty.util.internal.PlatformDependent --Dio.netty.maxDirectMemory: -1 bytes
07:58:05.425 [main] DEBUG io.netty.util.internal.PlatformDependent --Dio.netty.uninitializedArrayAllocationThreshold: -1
07:58:05.426 [main] DEBUG io.netty.util.internal.CleanerJava9 -java.nio.ByteBuffer.cleaner(): available
07:58:05.426 [main] DEBUG io.netty.util.internal.PlatformDependent --Dio.netty.noPreferDirect: false
07:58:05.433 [main] DEBUG io.netty.util.internal.PlatformDependent -org.jctools-core.MpscChunkedArrayQueue: available
07:58:05.452 [main] DEBUG io.netty.util.internal.InternalThreadLocalMap --Dio.netty.threadLocalMap.stringBuilder.initialSize: 1024
07:58:05.452 [main] DEBUG io.netty.util.internal.InternalThreadLocalMap --Dio.netty.threadLocalMap.stringBuilder.maxSize: 4096
07:58:05.619 [main] DEBUG io.netty.handler.ssl.JdkSslContext -Default protocols (JDK): [TLSv1.3, TLSv1.2] 
07:58:05.619 [main] DEBUG io.netty.handler.ssl.JdkSslContext -Default cipher suites (JDK): [TLS_ECDHE_ECDSA_WITH_AES_256_GCM_SHA384, TLS_ECDHE_ECDSA_WITH_AES_128_GCM_SHA256, TLS_ECDHE_RSA_WITH_AES_128_GCM_SHA256, TLS_ECDHE_RSA_WITH_AES_256_GCM_SHA384, TLS_ECDHE_RSA_WITH_AES_128_CBC_SHA, TLS_ECDHE_RSA_WITH_AES_256_CBC_SHA, TLS_RSA_WITH_AES_128_GCM_SHA256, TLS_RSA_WITH_AES_128_CBC_SHA, TLS_RSA_WITH_AES_256_CBC_SHA, TLS_AES_128_GCM_SHA256, TLS_AES_256_GCM_SHA384]
07:58:05.655 [main] DEBUG io.netty.channel.MultithreadEventLoopGroup --Dio.netty.eventLoopThreads: 8
07:58:05.664 [main] DEBUG io.netty.channel.nio.NioEventLoop --Dio.netty.noKeySetOptimization: false
07:58:05.664 [main] DEBUG io.netty.channel.nio.NioEventLoop --Dio.netty.selectorAutoRebuildThreshold: 512
07:58:05.676 [main] TRACE io.netty.channel.nio.NioEventLoop -instrumented a special java.util.Set into: sun.nio.ch.WEPollSelectorImpl@4d3ca6c7
07:58:05.677 [main] TRACE io.netty.channel.nio.NioEventLoop -instrumented a special java.util.Set into: sun.nio.ch.WEPollSelectorImpl@49122b8f
07:58:05.678 [main] TRACE io.netty.channel.nio.NioEventLoop -instrumented a special java.util.Set into: sun.nio.ch.WEPollSelectorImpl@3fe46690
07:58:05.679 [main] TRACE io.netty.channel.nio.NioEventLoop -instrumented a special java.util.Set into: sun.nio.ch.WEPollSelectorImpl@4beabeec
07:58:05.680 [main] TRACE io.netty.channel.nio.NioEventLoop -instrumented a special java.util.Set into: sun.nio.ch.WEPollSelectorImpl@3b4d50b
07:58:05.682 [main] TRACE io.netty.channel.nio.NioEventLoop -instrumented a special java.util.Set into: sun.nio.ch.WEPollSelectorImpl@5b22d8a1
07:58:05.683 [main] TRACE io.netty.channel.nio.NioEventLoop -instrumented a special java.util.Set into: sun.nio.ch.WEPollSelectorImpl@476ee5b3
07:58:05.684 [main] TRACE io.netty.channel.nio.NioEventLoop -instrumented a special java.util.Set into: sun.nio.ch.WEPollSelectorImpl@59ed3e6c
07:58:05.708 [main] DEBUG io.netty.buffer.PooledByteBufAllocator --Dio.netty.allocator.numHeapArenas: 8
07:58:05.708 [main] DEBUG io.netty.buffer.PooledByteBufAllocator --Dio.netty.allocator.numDirectArenas: 8
07:58:05.708 [main] DEBUG io.netty.buffer.PooledByteBufAllocator --Dio.netty.allocator.pageSize: 8192
07:58:05.708 [main] DEBUG io.netty.buffer.PooledByteBufAllocator --Dio.netty.allocator.maxOrder: 9
07:58:05.708 [main] DEBUG io.netty.buffer.PooledByteBufAllocator --Dio.netty.allocator.chunkSize: 4194304
07:58:05.709 [main] DEBUG io.netty.buffer.PooledByteBufAllocator --Dio.netty.allocator.smallCacheSize: 256
07:58:05.709 [main] DEBUG io.netty.buffer.PooledByteBufAllocator --Dio.netty.allocator.normalCacheSize: 64
07:58:05.709 [main] DEBUG io.netty.buffer.PooledByteBufAllocator --Dio.netty.allocator.maxCachedBufferCapacity: 32768
07:58:05.709 [main] DEBUG io.netty.buffer.PooledByteBufAllocator --Dio.netty.allocator.cacheTrimInterval: 8192
07:58:05.709 [main] DEBUG io.netty.buffer.PooledByteBufAllocator --Dio.netty.allocator.cacheTrimIntervalMillis: 0
07:58:05.709 [main] DEBUG io.netty.buffer.PooledByteBufAllocator --Dio.netty.allocator.useCacheForAllThreads: false
07:58:05.709 [main] DEBUG io.netty.buffer.PooledByteBufAllocator --Dio.netty.allocator.maxCachedByteBuffersPerChunk: 1023
07:58:05.725 [main] DEBUG io.netty.buffer.ByteBufUtil --Dio.netty.allocator.type: pooled
07:58:05.725 [main] DEBUG io.netty.buffer.ByteBufUtil --Dio.netty.threadLocalDirectBufferSize: 0
07:58:05.725 [main] DEBUG io.netty.buffer.ByteBufUtil --Dio.netty.maxThreadLocalCharBufferSize: 16384
07:58:06.552 [Forwarding newSession on session null to remote] DEBUG io.netty.channel.DefaultChannelId --Dio.netty.processId: 23704 (auto-detected)
07:58:06.555 [Forwarding newSession on session null to remote] DEBUG io.netty.util.NetUtil --Djava.net.preferIPv4Stack: false
07:58:06.555 [Forwarding newSession on session null to remote] DEBUG io.netty.util.NetUtil --Djava.net.preferIPv6Addresses: false
07:58:06.559 [Forwarding newSession on session null to remote] DEBUG io.netty.util.NetUtilInitializations -Loopback interface: lo (Software Loopback Interface 1, 127.0.0.1)
07:58:06.560 [Forwarding newSession on session null to remote] DEBUG io.netty.util.NetUtil -Failed to get SOMAXCONN from sysctl and file \proc\sys\net\core\somaxconn. Default: 200
07:58:06.564 [Forwarding newSession on session null to remote] DEBUG io.netty.channel.DefaultChannelId --Dio.netty.machineId: 00:00:00:00:00:00:00:e0 (auto-detected)
07:58:06.628 [AsyncHttpClient-1-2] DEBUG io.netty.buffer.AbstractByteBuf --Dio.netty.buffer.checkAccessible: true
07:58:06.628 [AsyncHttpClient-1-2] DEBUG io.netty.buffer.AbstractByteBuf --Dio.netty.buffer.checkBounds: true
07:58:06.628 [AsyncHttpClient-1-2] DEBUG io.netty.util.ResourceLeakDetectorFactory -Loaded default ResourceLeakDetector: io.netty.util.ResourceLeakDetector@6d604401
07:58:06.661 [AsyncHttpClient-1-2] DEBUG io.netty.util.Recycler --Dio.netty.recycler.maxCapacityPerThread: 4096
07:58:06.661 [AsyncHttpClient-1-2] DEBUG io.netty.util.Recycler --Dio.netty.recycler.ratio: 8
07:58:06.661 [AsyncHttpClient-1-2] DEBUG io.netty.util.Recycler --Dio.netty.recycler.chunkSize: 32
07:58:06.661 [AsyncHttpClient-1-2] DEBUG io.netty.util.Recycler --Dio.netty.recycler.blocking: false
07:58:08.499 [AsyncHttpClient-1-2] DEBUG io.netty.handler.codec.compression.Brotli -brotli4j not in the classpath; Brotli support will be unavailable.
07:58:08.743 [main] DEBUG io.netty.util.internal.ThreadLocalRandom --Dio.netty.initialSeedUniquifier: 0xdfe41519c78eaebc
